1619629917786	mozrunner::runner	INFO	Running command: "/Applications/Firefox.app/Contents/MacOS/firefox-bin" "-marionette" "-foreground" "-no-remote" "-profile" "/var/folders/b0/2sr5zv5n0kq9fvfqbvnwb7k40000gn/T/rust_mozprofile4Yh7zR"
2021-04-28 13:12:02.597 plugin-container[89343:3027108] *** CFMessagePort: bootstrap_register(): failed 1100 (0x44c) 'Permission denied', port = 0x843b, name = 'com.apple.tsm.portname'
See /usr/include/servers/bootstrap_defs.h for the error codes.
2021-04-28 13:12:03.440 plugin-container[89343:3027108] unable to obtain configuration from file:///Library/Preferences/com.apple.ViewBridge.plist due to Error Domain=NSCocoaErrorDomain Code=257 "The file “com.apple.ViewBridge.plist” couldn’t be opened because you don’t have permission to view it." UserInfo={NSFilePath=/Library/Preferences/com.apple.ViewBridge.plist, NSUnderlyingError=0x105eda130 {Error Domain=NSPOSIXErrorDomain Code=1 "Operation not permitted"}}
2021-04-28 13:12:03.447 plugin-container[89343:3027118] +[NSXPCSharedListener endpointForReply:withListenerName:]: an error occurred while attempting to obtain endpoint for listener 'ClientCallsAuxiliary': Connection invalid
2021-04-28 13:12:03.599 plugin-container[89344:3027138] *** CFMessagePort: bootstrap_register(): failed 1100 (0x44c) 'Permission denied', port = 0x8343, name = 'com.apple.tsm.portname'
See /usr/include/servers/bootstrap_defs.h for the error codes.
2021-04-28 13:12:03.768 plugin-container[89344:3027138] unable to obtain configuration from file:///Library/Preferences/com.apple.ViewBridge.plist due to Error Domain=NSCocoaErrorDomain Code=257 "The file “com.apple.ViewBridge.plist” couldn’t be opened because you don’t have permission to view it." UserInfo={NSFilePath=/Library/Preferences/com.apple.ViewBridge.plist, NSUnderlyingError=0x10acd5430 {Error Domain=NSPOSIXErrorDomain Code=1 "Operation not permitted"}}
2021-04-28 13:12:03.775 plugin-container[89344:3027141] +[NSXPCSharedListener endpointForReply:withListenerName:]: an error occurred while attempting to obtain endpoint for listener 'ClientCallsAuxiliary': Connection invalid
1619629924403	Marionette	INFO	Listening on port 51654
1619629924471	Marionette	WARN	TLS certificate errors will be ignored for this session
2021-04-28 13:12:04.745 plugin-container[89345:3027263] *** CFMessagePort: bootstrap_register(): failed 1100 (0x44c) 'Permission denied', port = 0x742b, name = 'com.apple.tsm.portname'
See /usr/include/servers/bootstrap_defs.h for the error codes.
2021-04-28 13:12:04.957 plugin-container[89345:3027263] unable to obtain configuration from file:///Library/Preferences/com.apple.ViewBridge.plist due to Error Domain=NSCocoaErrorDomain Code=257 "The file “com.apple.ViewBridge.plist” couldn’t be opened because you don’t have permission to view it." UserInfo={NSFilePath=/Library/Preferences/com.apple.ViewBridge.plist, NSUnderlyingError=0x1009e3280 {Error Domain=NSPOSIXErrorDomain Code=1 "Operation not permitted"}}
2021-04-28 13:12:04.964 plugin-container[89345:3027264] +[NSXPCSharedListener endpointForReply:withListenerName:]: an error occurred while attempting to obtain endpoint for listener 'ClientCallsAuxiliary': Connection invalid
*** UTM:SVC TimerManager:registerTimer called after profile-before-change notification. Ignoring timer registration for id: telemetry_modules_ping
1619630024925	mozrunner::runner	INFO	Running command: "/Applications/Firefox.app/Contents/MacOS/firefox-bin" "-marionette" "-foreground" "-no-remote" "-profile" "/var/folders/b0/2sr5zv5n0kq9fvfqbvnwb7k40000gn/T/rust_mozprofile2yp6Lr"
2021-04-28 13:13:48.693 plugin-container[89384:3028616] *** CFMessagePort: bootstrap_register(): failed 1100 (0x44c) 'Permission denied', port = 0x7207, name = 'com.apple.tsm.portname'
See /usr/include/servers/bootstrap_defs.h for the error codes.
2021-04-28 13:13:49.126 plugin-container[89384:3028616] unable to obtain configuration from file:///Library/Preferences/com.apple.ViewBridge.plist due to Error Domain=NSCocoaErrorDomain Code=257 "The file “com.apple.ViewBridge.plist” couldn’t be opened because you don’t have permission to view it." UserInfo={NSFilePath=/Library/Preferences/com.apple.ViewBridge.plist, NSUnderlyingError=0x112138460 {Error Domain=NSPOSIXErrorDomain Code=1 "Operation not permitted"}}
2021-04-28 13:13:49.132 plugin-container[89384:3028619] +[NSXPCSharedListener endpointForReply:withListenerName:]: an error occurred while attempting to obtain endpoint for listener 'ClientCallsAuxiliary': Connection invalid
2021-04-28 13:13:49.380 plugin-container[89385:3028649] *** CFMessagePort: bootstrap_register(): failed 1100 (0x44c) 'Permission denied', port = 0x8843, name = 'com.apple.tsm.portname'
See /usr/include/servers/bootstrap_defs.h for the error codes.
2021-04-28 13:13:49.672 plugin-container[89385:3028649] unable to obtain configuration from file:///Library/Preferences/com.apple.ViewBridge.plist due to Error Domain=NSCocoaErrorDomain Code=257 "The file “com.apple.ViewBridge.plist” couldn’t be opened because you don’t have permission to view it." UserInfo={NSFilePath=/Library/Preferences/com.apple.ViewBridge.plist, NSUnderlyingError=0x10dc304f0 {Error Domain=NSPOSIXErrorDomain Code=1 "Operation not permitted"}}
2021-04-28 13:13:49.676 plugin-container[89385:3028686] +[NSXPCSharedListener endpointForReply:withListenerName:]: an error occurred while attempting to obtain endpoint for listener 'ClientCallsAuxiliary': Connection invalid
1619630030021	Marionette	INFO	Listening on port 51800
1619630030052	Marionette	WARN	TLS certificate errors will be ignored for this session
2021-04-28 13:13:51.606 plugin-container[89386:3028774] *** CFMessagePort: bootstrap_register(): failed 1100 (0x44c) 'Permission denied', port = 0x8b43, name = 'com.apple.tsm.portname'
See /usr/include/servers/bootstrap_defs.h for the error codes.
2021-04-28 13:13:51.913 plugin-container[89386:3028774] unable to obtain configuration from file:///Library/Preferences/com.apple.ViewBridge.plist due to Error Domain=NSCocoaErrorDomain Code=257 "The file “com.apple.ViewBridge.plist” couldn’t be opened because you don’t have permission to view it." UserInfo={NSFilePath=/Library/Preferences/com.apple.ViewBridge.plist, NSUnderlyingError=0x1109df250 {Error Domain=NSPOSIXErrorDomain Code=1 "Operation not permitted"}}
2021-04-28 13:13:51.918 plugin-container[89386:3028780] +[NSXPCSharedListener endpointForReply:withListenerName:]: an error occurred while attempting to obtain endpoint for listener 'ClientCallsAuxiliary': Connection invalid
1619631833859	mozrunner::runner	INFO	Running command: "/Applications/Firefox.app/Contents/MacOS/firefox-bin" "-marionette" "-foreground" "-no-remote" "-profile" "/var/folders/b0/2sr5zv5n0kq9fvfqbvnwb7k40000gn/T/rust_mozprofilegGEowk"
2021-04-28 13:43:57.704 plugin-container[89724:3040783] *** CFMessagePort: bootstrap_register(): failed 1100 (0x44c) 'Permission denied', port = 0x873b, name = 'com.apple.tsm.portname'
See /usr/include/servers/bootstrap_defs.h for the error codes.
2021-04-28 13:43:58.057 plugin-container[89724:3040783] unable to obtain configuration from file:///Library/Preferences/com.apple.ViewBridge.plist due to Error Domain=NSCocoaErrorDomain Code=257 "The file “com.apple.ViewBridge.plist” couldn’t be opened because you don’t have permission to view it." UserInfo={NSFilePath=/Library/Preferences/com.apple.ViewBridge.plist, NSUnderlyingError=0x1097390a0 {Error Domain=NSPOSIXErrorDomain Code=1 "Operation not permitted"}}
2021-04-28 13:43:58.063 plugin-container[89724:3040793] +[NSXPCSharedListener endpointForReply:withListenerName:]: an error occurred while attempting to obtain endpoint for listener 'ClientCallsAuxiliary': Connection invalid
2021-04-28 13:43:58.104 plugin-container[89725:3040809] *** CFMessagePort: bootstrap_register(): failed 1100 (0x44c) 'Permission denied', port = 0x843b, name = 'com.apple.tsm.portname'
See /usr/include/servers/bootstrap_defs.h for the error codes.
2021-04-28 13:43:58.278 plugin-container[89725:3040809] unable to obtain configuration from file:///Library/Preferences/com.apple.ViewBridge.plist due to Error Domain=NSCocoaErrorDomain Code=257 "The file “com.apple.ViewBridge.plist” couldn’t be opened because you don’t have permission to view it." UserInfo={NSFilePath=/Library/Preferences/com.apple.ViewBridge.plist, NSUnderlyingError=0x117218e50 {Error Domain=NSPOSIXErrorDomain Code=1 "Operation not permitted"}}
2021-04-28 13:43:58.283 plugin-container[89725:3040818] +[NSXPCSharedListener endpointForReply:withListenerName:]: an error occurred while attempting to obtain endpoint for listener 'ClientCallsAuxiliary': Connection invalid
2021-04-28 13:43:58.686 plugin-container[89726:3040880] *** CFMessagePort: bootstrap_register(): failed 1100 (0x44c) 'Permission denied', port = 0x8743, name = 'com.apple.tsm.portname'
See /usr/include/servers/bootstrap_defs.h for the error codes.
1619631838760	Marionette	INFO	Listening on port 56564
1619631838805	Marionette	WARN	TLS certificate errors will be ignored for this session
2021-04-28 13:43:58.864 plugin-container[89726:3040880] unable to obtain configuration from file:///Library/Preferences/com.apple.ViewBridge.plist due to Error Domain=NSCocoaErrorDomain Code=257 "The file “com.apple.ViewBridge.plist” couldn’t be opened because you don’t have permission to view it." UserInfo={NSFilePath=/Library/Preferences/com.apple.ViewBridge.plist, NSUnderlyingError=0x10dfd2220 {Error Domain=NSPOSIXErrorDomain Code=1 "Operation not permitted"}}
2021-04-28 13:43:58.868 plugin-container[89726:3040892] +[NSXPCSharedListener endpointForReply:withListenerName:]: an error occurred while attempting to obtain endpoint for listener 'ClientCallsAuxiliary': Connection invalid
2021-04-28 13:44:19.379 plugin-container[89727:3041098] *** CFMessagePort: bootstrap_register(): failed 1100 (0x44c) 'Permission denied', port = 0x873b, name = 'com.apple.tsm.portname'
See /usr/include/servers/bootstrap_defs.h for the error codes.
2021-04-28 13:44:19.546 plugin-container[89727:3041098] unable to obtain configuration from file:///Library/Preferences/com.apple.ViewBridge.plist due to Error Domain=NSCocoaErrorDomain Code=257 "The file “com.apple.ViewBridge.plist” couldn’t be opened because you don’t have permission to view it." UserInfo={NSFilePath=/Library/Preferences/com.apple.ViewBridge.plist, NSUnderlyingError=0x10f6dae20 {Error Domain=NSPOSIXErrorDomain Code=1 "Operation not permitted"}}
2021-04-28 13:44:19.567 plugin-container[89727:3041114] +[NSXPCSharedListener endpointForReply:withListenerName:]: an error occurred while attempting to obtain endpoint for listener 'ClientCallsAuxiliary': Connection invalid
*** UTM:SVC TimerManager:registerTimer called after profile-before-change notification. Ignoring timer registration for id: telemetry_modules_ping
1619632664440	mozrunner::runner	INFO	Running command: "/Applications/Firefox.app/Contents/MacOS/firefox-bin" "-marionette" "-foreground" "-no-remote" "-profile" "/var/folders/b0/2sr5zv5n0kq9fvfqbvnwb7k40000gn/T/rust_mozprofileY4R0GA"
2021-04-28 13:57:47.426 plugin-container[89975:3047660] *** CFMessagePort: bootstrap_register(): failed 1100 (0x44c) 'Permission denied', port = 0x8637, name = 'com.apple.tsm.portname'
See /usr/include/servers/bootstrap_defs.h for the error codes.
2021-04-28 13:57:47.887 plugin-container[89975:3047660] unable to obtain configuration from file:///Library/Preferences/com.apple.ViewBridge.plist due to Error Domain=NSCocoaErrorDomain Code=257 "The file “com.apple.ViewBridge.plist” couldn’t be opened because you don’t have permission to view it." UserInfo={NSFilePath=/Library/Preferences/com.apple.ViewBridge.plist, NSUnderlyingError=0x10af38310 {Error Domain=NSPOSIXErrorDomain Code=1 "Operation not permitted"}}
2021-04-28 13:57:47.892 plugin-container[89975:3047670] +[NSXPCSharedListener endpointForReply:withListenerName:]: an error occurred while attempting to obtain endpoint for listener 'ClientCallsAuxiliary': Connection invalid
2021-04-28 13:57:47.929 plugin-container[89976:3047686] *** CFMessagePort: bootstrap_register(): failed 1100 (0x44c) 'Permission denied', port = 0x8b3b, name = 'com.apple.tsm.portname'
See /usr/include/servers/bootstrap_defs.h for the error codes.
2021-04-28 13:57:48.117 plugin-container[89976:3047686] unable to obtain configuration from file:///Library/Preferences/com.apple.ViewBridge.plist due to Error Domain=NSCocoaErrorDomain Code=257 "The file “com.apple.ViewBridge.plist” couldn’t be opened because you don’t have permission to view it." UserInfo={NSFilePath=/Library/Preferences/com.apple.ViewBridge.plist, NSUnderlyingError=0x117e06520 {Error Domain=NSPOSIXErrorDomain Code=1 "Operation not permitted"}}
2021-04-28 13:57:48.121 plugin-container[89976:3047697] +[NSXPCSharedListener endpointForReply:withListenerName:]: an error occurred while attempting to obtain endpoint for listener 'ClientCallsAuxiliary': Connection invalid
1619632668313	Marionette	INFO	Listening on port 57221
1619632668354	Marionette	WARN	TLS certificate errors will be ignored for this session
2021-04-28 13:57:49.369 plugin-container[89977:3047817] *** CFMessagePort: bootstrap_register(): failed 1100 (0x44c) 'Permission denied', port = 0x743b, name = 'com.apple.tsm.portname'
See /usr/include/servers/bootstrap_defs.h for the error codes.
2021-04-28 13:57:49.573 plugin-container[89977:3047817] unable to obtain configuration from file:///Library/Preferences/com.apple.ViewBridge.plist due to Error Domain=NSCocoaErrorDomain Code=257 "The file “com.apple.ViewBridge.plist” couldn’t be opened because you don’t have permission to view it." UserInfo={NSFilePath=/Library/Preferences/com.apple.ViewBridge.plist, NSUnderlyingError=0x1092e7100 {Error Domain=NSPOSIXErrorDomain Code=1 "Operation not permitted"}}
2021-04-28 13:57:49.578 plugin-container[89977:3047820] +[NSXPCSharedListener endpointForReply:withListenerName:]: an error occurred while attempting to obtain endpoint for listener 'ClientCallsAuxiliary': Connection invalid
1619636073363	mozrunner::runner	INFO	Running command: "/Applications/Firefox.app/Contents/MacOS/firefox-bin" "-marionette" "-foreground" "-no-remote" "-profile" "/var/folders/b0/2sr5zv5n0kq9fvfqbvnwb7k40000gn/T/rust_mozprofile4owi66"
2021-04-28 14:54:37.673 plugin-container[90599:3067341] *** CFMessagePort: bootstrap_register(): failed 1100 (0x44c) 'Permission denied', port = 0x843b, name = 'com.apple.tsm.portname'
See /usr/include/servers/bootstrap_defs.h for the error codes.
2021-04-28 14:54:38.146 plugin-container[90599:3067341] unable to obtain configuration from file:///Library/Preferences/com.apple.ViewBridge.plist due to Error Domain=NSCocoaErrorDomain Code=257 "The file “com.apple.ViewBridge.plist” couldn’t be opened because you don’t have permission to view it." UserInfo={NSFilePath=/Library/Preferences/com.apple.ViewBridge.plist, NSUnderlyingError=0x1137d1ee0 {Error Domain=NSPOSIXErrorDomain Code=1 "Operation not permitted"}}
2021-04-28 14:54:38.146 plugin-container[90600:3067368] *** CFMessagePort: bootstrap_register(): failed 1100 (0x44c) 'Permission denied', port = 0x873b, name = 'com.apple.tsm.portname'
See /usr/include/servers/bootstrap_defs.h for the error codes.
2021-04-28 14:54:38.152 plugin-container[90599:3067342] +[NSXPCSharedListener endpointForReply:withListenerName:]: an error occurred while attempting to obtain endpoint for listener 'ClientCallsAuxiliary': Connection invalid
2021-04-28 14:54:38.360 plugin-container[90600:3067368] unable to obtain configuration from file:///Library/Preferences/com.apple.ViewBridge.plist due to Error Domain=NSCocoaErrorDomain Code=257 "The file “com.apple.ViewBridge.plist” couldn’t be opened because you don’t have permission to view it." UserInfo={NSFilePath=/Library/Preferences/com.apple.ViewBridge.plist, NSUnderlyingError=0x10f72b4f0 {Error Domain=NSPOSIXErrorDomain Code=1 "Operation not permitted"}}
2021-04-28 14:54:38.366 plugin-container[90600:3067379] +[NSXPCSharedListener endpointForReply:withListenerName:]: an error occurred while attempting to obtain endpoint for listener 'ClientCallsAuxiliary': Connection invalid
2021-04-28 14:54:38.850 plugin-container[90601:3067442] *** CFMessagePort: bootstrap_register(): failed 1100 (0x44c) 'Permission denied', port = 0x883b, name = 'com.apple.tsm.portname'
See /usr/include/servers/bootstrap_defs.h for the error codes.
1619636078932	Marionette	INFO	Listening on port 57747
1619636079010	Marionette	WARN	TLS certificate errors will be ignored for this session
2021-04-28 14:54:39.039 plugin-container[90601:3067442] unable to obtain configuration from file:///Library/Preferences/com.apple.ViewBridge.plist due to Error Domain=NSCocoaErrorDomain Code=257 "The file “com.apple.ViewBridge.plist” couldn’t be opened because you don’t have permission to view it." UserInfo={NSFilePath=/Library/Preferences/com.apple.ViewBridge.plist, NSUnderlyingError=0x1118db2b0 {Error Domain=NSPOSIXErrorDomain Code=1 "Operation not permitted"}}
2021-04-28 14:54:39.046 plugin-container[90601:3067449] +[NSXPCSharedListener endpointForReply:withListenerName:]: an error occurred while attempting to obtain endpoint for listener 'ClientCallsAuxiliary': Connection invalid
JavaScript error: resource://devtools/shared/base-loader.js -> resource://devtools/client/shared/vendor/react-dom.js, line 32: Error: Minified React error #188; visit http://facebook.github.io/react/docs/error-decoder.html?invariant=188 for the full message or use the non-minified dev environment for full errors and additional helpful warnings.
1619636982207	mozrunner::runner	INFO	Running command: "/Applications/Firefox.app/Contents/MacOS/firefox-bin" "-marionette" "-foreground" "-no-remote" "-profile" "/var/folders/b0/2sr5zv5n0kq9fvfqbvnwb7k40000gn/T/rust_mozprofile5NjXrC"
2021-04-28 15:09:45.300 plugin-container[90823:3075681] *** CFMessagePort: bootstrap_register(): failed 1100 (0x44c) 'Permission denied', port = 0x8337, name = 'com.apple.tsm.portname'
See /usr/include/servers/bootstrap_defs.h for the error codes.
2021-04-28 15:09:45.623 plugin-container[90824:3075704] *** CFMessagePort: bootstrap_register(): failed 1100 (0x44c) 'Permission denied', port = 0x8b3b, name = 'com.apple.tsm.portname'
See /usr/include/servers/bootstrap_defs.h for the error codes.
2021-04-28 15:09:45.733 plugin-container[90823:3075681] unable to obtain configuration from file:///Library/Preferences/com.apple.ViewBridge.plist due to Error Domain=NSCocoaErrorDomain Code=257 "The file “com.apple.ViewBridge.plist” couldn’t be opened because you don’t have permission to view it." UserInfo={NSFilePath=/Library/Preferences/com.apple.ViewBridge.plist, NSUnderlyingError=0x110d38460 {Error Domain=NSPOSIXErrorDomain Code=1 "Operation not permitted"}}
2021-04-28 15:09:45.739 plugin-container[90823:3075683] +[NSXPCSharedListener endpointForReply:withListenerName:]: an error occurred while attempting to obtain endpoint for listener 'ClientCallsAuxiliary': Connection invalid
2021-04-28 15:09:45.823 plugin-container[90824:3075704] unable to obtain configuration from file:///Library/Preferences/com.apple.ViewBridge.plist due to Error Domain=NSCocoaErrorDomain Code=257 "The file “com.apple.ViewBridge.plist” couldn’t be opened because you don’t have permission to view it." UserInfo={NSFilePath=/Library/Preferences/com.apple.ViewBridge.plist, NSUnderlyingError=0x1051d54f0 {Error Domain=NSPOSIXErrorDomain Code=1 "Operation not permitted"}}
2021-04-28 15:09:45.827 plugin-container[90824:3075723] +[NSXPCSharedListener endpointForReply:withListenerName:]: an error occurred while attempting to obtain endpoint for listener 'ClientCallsAuxiliary': Connection invalid
1619636986010	Marionette	INFO	Listening on port 58710
1619636986028	Marionette	WARN	TLS certificate errors will be ignored for this session
2021-04-28 15:09:47.211 plugin-container[90825:3075823] *** CFMessagePort: bootstrap_register(): failed 1100 (0x44c) 'Permission denied', port = 0x733b, name = 'com.apple.tsm.portname'
See /usr/include/servers/bootstrap_defs.h for the error codes.
2021-04-28 15:09:47.459 plugin-container[90825:3075823] unable to obtain configuration from file:///Library/Preferences/com.apple.ViewBridge.plist due to Error Domain=NSCocoaErrorDomain Code=257 "The file “com.apple.ViewBridge.plist” couldn’t be opened because you don’t have permission to view it." UserInfo={NSFilePath=/Library/Preferences/com.apple.ViewBridge.plist, NSUnderlyingError=0x10b0e6250 {Error Domain=NSPOSIXErrorDomain Code=1 "Operation not permitted"}}
2021-04-28 15:09:47.465 plugin-container[90825:3075824] +[NSXPCSharedListener endpointForReply:withListenerName:]: an error occurred while attempting to obtain endpoint for listener 'ClientCallsAuxiliary': Connection invalid
1619637040855	mozrunner::runner	INFO	Running command: "/Applications/Firefox.app/Contents/MacOS/firefox-bin" "-marionette" "-foreground" "-no-remote" "-profile" "/var/folders/b0/2sr5zv5n0kq9fvfqbvnwb7k40000gn/T/rust_mozprofileTGbpCC"
2021-04-28 15:10:44.616 plugin-container[90843:3076341] *** CFMessagePort: bootstrap_register(): failed 1100 (0x44c) 'Permission denied', port = 0x783b, name = 'com.apple.tsm.portname'
See /usr/include/servers/bootstrap_defs.h for the error codes.
2021-04-28 15:10:45.098 plugin-container[90844:3076364] *** CFMessagePort: bootstrap_register(): failed 1100 (0x44c) 'Permission denied', port = 0x853b, name = 'com.apple.tsm.portname'
See /usr/include/servers/bootstrap_defs.h for the error codes.
2021-04-28 15:10:45.134 plugin-container[90843:3076341] unable to obtain configuration from file:///Library/Preferences/com.apple.ViewBridge.plist due to Error Domain=NSCocoaErrorDomain Code=257 "The file “com.apple.ViewBridge.plist” couldn’t be opened because you don’t have permission to view it." UserInfo={NSFilePath=/Library/Preferences/com.apple.ViewBridge.plist, NSUnderlyingError=0x10b5d2880 {Error Domain=NSPOSIXErrorDomain Code=1 "Operation not permitted"}}
2021-04-28 15:10:45.139 plugin-container[90843:3076343] +[NSXPCSharedListener endpointForReply:withListenerName:]: an error occurred while attempting to obtain endpoint for listener 'ClientCallsAuxiliary': Connection invalid
1619637045437	Marionette	INFO	Listening on port 58788
2021-04-28 15:10:45.588 plugin-container[90844:3076364] unable to obtain configuration from file:///Library/Preferences/com.apple.ViewBridge.plist due to Error Domain=NSCocoaErrorDomain Code=257 "The file “com.apple.ViewBridge.plist” couldn’t be opened because you don’t have permission to view it." UserInfo={NSFilePath=/Library/Preferences/com.apple.ViewBridge.plist, NSUnderlyingError=0x109433460 {Error Domain=NSPOSIXErrorDomain Code=1 "Operation not permitted"}}
2021-04-28 15:10:45.593 plugin-container[90844:3076366] +[NSXPCSharedListener endpointForReply:withListenerName:]: an error occurred while attempting to obtain endpoint for listener 'ClientCallsAuxiliary': Connection invalid
1619637045612	Marionette	WARN	TLS certificate errors will be ignored for this session
2021-04-28 15:10:46.433 plugin-container[90845:3076500] *** CFMessagePort: bootstrap_register(): failed 1100 (0x44c) 'Permission denied', port = 0x773b, name = 'com.apple.tsm.portname'
See /usr/include/servers/bootstrap_defs.h for the error codes.
2021-04-28 15:10:46.673 plugin-container[90845:3076500] unable to obtain configuration from file:///Library/Preferences/com.apple.ViewBridge.plist due to Error Domain=NSCocoaErrorDomain Code=257 "The file “com.apple.ViewBridge.plist” couldn’t be opened because you don’t have permission to view it." UserInfo={NSFilePath=/Library/Preferences/com.apple.ViewBridge.plist, NSUnderlyingError=0x10efe3280 {Error Domain=NSPOSIXErrorDomain Code=1 "Operation not permitted"}}
2021-04-28 15:10:46.677 plugin-container[90845:3076508] +[NSXPCSharedListener endpointForReply:withListenerName:]: an error occurred while attempting to obtain endpoint for listener 'ClientCallsAuxiliary': Connection invalid
2021-04-28 15:49:40.856 plugin-container[91299:3090989] *** CFMessagePort: bootstrap_register(): failed 1100 (0x44c) 'Permission denied', port = 0x883b, name = 'com.apple.tsm.portname'
See /usr/include/servers/bootstrap_defs.h for the error codes.
2021-04-28 15:49:41.223 plugin-container[91299:3090989] unable to obtain configuration from file:///Library/Preferences/com.apple.ViewBridge.plist due to Error Domain=NSCocoaErrorDomain Code=257 "The file “com.apple.ViewBridge.plist” couldn’t be opened because you don’t have permission to view it." UserInfo={NSFilePath=/Library/Preferences/com.apple.ViewBridge.plist, NSUnderlyingError=0x108fdb640 {Error Domain=NSPOSIXErrorDomain Code=1 "Operation not permitted"}}
2021-04-28 15:49:41.226 plugin-container[91299:3090990] +[NSXPCSharedListener endpointForReply:withListenerName:]: an error occurred while attempting to obtain endpoint for listener 'ClientCallsAuxiliary': Connection invalid
